# JRE version: OpenJDK Runtime Environment (8.0_275-b01) (build 1.8.0_275-b01)
# Java VM: OpenJDK 64-Bit Server VM (25.275-b01 mixed mode windows-amd64 compressed oops)
Heap:
 PSYoungGen      total 549376K, used 49274K [0x00000000d5580000, 0x00000000ff980000, 0x0000000100000000)
  eden space 406528K, 10% used [0x00000000d5580000,0x00000000d80c6af0,0x00000000ee280000)
  from space 142848K, 3% used [0x00000000ee280000,0x00000000ee758000,0x00000000f6e00000)
  to   space 138752K, 0% used [0x00000000f7200000,0x00000000f7200000,0x00000000ff980000)
 ParOldGen       total 698368K, used 431462K [0x0000000080000000, 0x00000000aaa00000, 0x00000000d5580000)
  object space 698368K, 61% used [0x0000000080000000,0x000000009a559938,0x00000000aaa00000)
 Metaspace       used 205108K, capacity 212930K, committed 214656K, reserved 1236992K
  class space    used 24936K, capacity 26377K, committed 26752K, reserved 1048576K
GC Heap History (10 events):
Event: 2601.184 GC heap before
{Heap before GC invocations=100 (full 12):
 PSYoungGen      total 497664K, used 396644K [0x00000000d5580000, 0x00000000fe700000, 0x0000000100000000)
  eden space 356864K, 100% used [0x00000000d5580000,0x00000000eb200000,0x00000000eb200000)
  from space 140800K, 28% used [0x00000000f5d80000,0x00000000f84590d8,0x00000000fe700000)
  to   space 158208K, 0% used [0x00000000eb200000,0x00000000eb200000,0x00000000f4c80000)
 ParOldGen       total 698368K, used 317098K [0x0000000080000000, 0x00000000aaa00000, 0x00000000d5580000)
  object space 698368K, 45% used [0x0000000080000000,0x00000000935aaae0,0x00000000aaa00000)
 Metaspace       used 205056K, capacity 212842K, committed 214656K, reserved 1236992K
  class space    used 24929K, capacity 26367K, committed 26752K, reserved 1048576K
Event: 2601.278 GC heap after
Heap after GC invocations=100 (full 12):
 PSYoungGen      total 515072K, used 63209K [0x00000000d5580000, 0x00000000fe700000, 0x0000000100000000)
  eden space 356864K, 0% used [0x00000000d5580000,0x00000000d5580000,0x00000000eb200000)
  from space 158208K, 39% used [0x00000000eb200000,0x00000000eefba558,0x00000000f4c80000)
  to   space 140800K, 0% used [0x00000000f5d80000,0x00000000f5d80000,0x00000000fe700000)
 ParOldGen       total 698368K, used 353697K [0x0000000080000000, 0x00000000aaa00000, 0x00000000d5580000)
  object space 698368K, 50% used [0x0000000080000000,0x00000000959685b8,0x00000000aaa00000)
 Metaspace       used 205056K, capacity 212842K, committed 214656K, reserved 1236992K
  class space    used 24929K, capacity 26367K, committed 26752K, reserved 1048576K
}
Event: 2601.749 GC heap before
{Heap before GC invocations=101 (full 12):
 PSYoungGen      total 515072K, used 420073K [0x00000000d5580000, 0x00000000fe700000, 0x0000000100000000)
  eden space 356864K, 100% used [0x00000000d5580000,0x00000000eb200000,0x00000000eb200000)
  from space 158208K, 39% used [0x00000000eb200000,0x00000000eefba558,0x00000000f4c80000)
  to   space 140800K, 0% used [0x00000000f5d80000,0x00000000f5d80000,0x00000000fe700000)
 ParOldGen       total 698368K, used 353697K [0x0000000080000000, 0x00000000aaa00000, 0x00000000d5580000)
  object space 698368K, 50% used [0x0000000080000000,0x00000000959685b8,0x00000000aaa00000)
 Metaspace       used 205073K, capacity 212846K, committed 214656K, reserved 1236992K
  class space    used 24931K, capacity 26369K, committed 26752K, reserved 1048576K
Event: 2601.809 GC heap after
Heap after GC invocations=101 (full 12):
 PSYoungGen      total 526336K, used 24223K [0x00000000d5580000, 0x00000000ffb00000, 0x0000000100000000)
  eden space 385536K, 0% used [0x00000000d5580000,0x00000000d5580000,0x00000000ece00000)
  from space 140800K, 17% used [0x00000000f5d80000,0x00000000f7527c40,0x00000000fe700000)
  to   space 146944K, 0% used [0x00000000ece00000,0x00000000ece00000,0x00000000f5d80000)
 ParOldGen       total 698368K, used 413805K [0x0000000080000000, 0x00000000aaa00000, 0x00000000d5580000)
  object space 698368K, 59% used [0x0000000080000000,0x000000009941b7c0,0x00000000aaa00000)
 Metaspace       used 205073K, capacity 212846K, committed 214656K, reserved 1236992K
  class space    used 24931K, capacity 26369K, committed 26752K, reserved 1048576K
}
Event: 2603.363 GC heap before
{Heap before GC invocations=102 (full 12):
 PSYoungGen      total 526336K, used 409759K [0x00000000d5580000, 0x00000000ffb00000, 0x0000000100000000)
  eden space 385536K, 100% used [0x00000000d5580000,0x00000000ece00000,0x00000000ece00000)
  from space 140800K, 17% used [0x00000000f5d80000,0x00000000f7527c40,0x00000000fe700000)
  to   space 146944K, 0% used [0x00000000ece00000,0x00000000ece00000,0x00000000f5d80000)
 ParOldGen       total 698368K, used 413805K [0x0000000080000000, 0x00000000aaa00000, 0x00000000d5580000)
  object space 698368K, 59% used [0x0000000080000000,0x000000009941b7c0,0x00000000aaa00000)
 Metaspace       used 205081K, capacity 212850K, committed 214656K, reserved 1236992K
  class space    used 24932K, capacity 26371K, committed 26752K, reserved 1048576K
Event: 2603.407 GC heap after
Heap after GC invocations=102 (full 12):
 PSYoungGen      total 532480K, used 5536K [0x00000000d5580000, 0x0000000100000000, 0x0000000100000000)
  eden space 385536K, 0% used [0x00000000d5580000,0x00000000d5580000,0x00000000ece00000)
  from space 146944K, 3% used [0x00000000ece00000,0x00000000ed368000,0x00000000f5d80000)
  to   space 145408K, 0% used [0x00000000f7200000,0x00000000f7200000,0x0000000100000000)
 ParOldGen       total 698368K, used 418734K [0x0000000080000000, 0x00000000aaa00000, 0x00000000d5580000)
  object space 698368K, 59% used [0x0000000080000000,0x00000000998eb8a8,0x00000000aaa00000)
 Metaspace       used 205081K, capacity 212850K, committed 214656K, reserved 1236992K
  class space    used 24932K, capacity 26371K, committed 26752K, reserved 1048576K
}
Event: 2604.743 GC heap before
{Heap before GC invocations=103 (full 12):
 PSYoungGen      total 532480K, used 391072K [0x00000000d5580000, 0x0000000100000000, 0x0000000100000000)
  eden space 385536K, 100% used [0x00000000d5580000,0x00000000ece00000,0x00000000ece00000)
  from space 146944K, 3% used [0x00000000ece00000,0x00000000ed368000,0x00000000f5d80000)
  to   space 145408K, 0% used [0x00000000f7200000,0x00000000f7200000,0x0000000100000000)
 ParOldGen       total 698368K, used 418734K [0x0000000080000000, 0x00000000aaa00000, 0x00000000d5580000)
  object space 698368K, 59% used [0x0000000080000000,0x00000000998eb8a8,0x00000000aaa00000)
 Metaspace       used 205103K, capacity 212930K, committed 214656K, reserved 1236992K
  class space    used 24936K, capacity 26377K, committed 26752K, reserved 1048576K
Event: 2604.773 GC heap after
Heap after GC invocations=103 (full 12):
 PSYoungGen      total 545280K, used 7616K [0x00000000d5580000, 0x00000000ff980000, 0x0000000100000000)
  eden space 406528K, 0% used [0x00000000d5580000,0x00000000d5580000,0x00000000ee280000)
  from space 138752K, 5% used [0x00000000f7200000,0x00000000f7970000,0x00000000ff980000)
  to   space 142848K, 0% used [0x00000000ee280000,0x00000000ee280000,0x00000000f6e00000)
 ParOldGen       total 698368K, used 424106K [0x0000000080000000, 0x00000000aaa00000, 0x00000000d5580000)
  object space 698368K, 60% used [0x0000000080000000,0x0000000099e2a8b8,0x00000000aaa00000)
 Metaspace       used 205103K, capacity 212930K, committed 214656K, reserved 1236992K
  class space    used 24936K, capacity 26377K, committed 26752K, reserved 1048576K
}
Event: 2606.092 GC heap before
{Heap before GC invocations=104 (full 12):
 PSYoungGen      total 545280K, used 414144K [0x00000000d5580000, 0x00000000ff980000, 0x0000000100000000)
  eden space 406528K, 100% used [0x00000000d5580000,0x00000000ee280000,0x00000000ee280000)
  from space 138752K, 5% used [0x00000000f7200000,0x00000000f7970000,0x00000000ff980000)
  to   space 142848K, 0% used [0x00000000ee280000,0x00000000ee280000,0x00000000f6e00000)
 ParOldGen       total 698368K, used 424106K [0x0000000080000000, 0x00000000aaa00000, 0x00000000d5580000)
  object space 698368K, 60% used [0x0000000080000000,0x0000000099e2a8b8,0x00000000aaa00000)
 Metaspace       used 205108K, capacity 212930K, committed 214656K, reserved 1236992K
  class space    used 24936K, capacity 26377K, committed 26752K, reserved 1048576K
Event: 2606.125 GC heap after
Heap after GC invocations=104 (full 12):
 PSYoungGen      total 549376K, used 4960K [0x00000000d5580000, 0x00000000ff980000, 0x0000000100000000)
  eden space 406528K, 0% used [0x00000000d5580000,0x00000000d5580000,0x00000000ee280000)
  from space 142848K, 3% used [0x00000000ee280000,0x00000000ee758000,0x00000000f6e00000)
  to   space 138752K, 0% used [0x00000000f7200000,0x00000000f7200000,0x00000000ff980000)
 ParOldGen       total 698368K, used 431462K [0x0000000080000000, 0x00000000aaa00000, 0x00000000d5580000)
  object space 698368K, 61% used [0x0000000080000000,0x000000009a559938,0x00000000aaa00000)
 Metaspace       used 205108K, capacity 212930K, committed 214656K, reserved 1236992K
  class space    used 24936K, capacity 26377K, committed 26752K, reserved 1048576K
}

